<?xml version="1.0" encoding="UTF-8"?>
<!-- Generated by org.testng.reporters.JUnitReportReporter -->
<testsuite hostname="CA2-WV-QA06" failures="0" tests="1" name="testcases.AddaNewReturn" time="69.609" errors="0" timestamp="2025-03-04T09:45:57 PST" skipped="0">
  <testcase classname="testcases.AddaNewReturn" name="add1065return" time="69.609"/>
  <system-out>
    <![CDATA[STARTING 1065 BUSINESS RETURN
<br>
opened a preparer-1
opened a preparer
<br>
ADDED FINANCIAL INCOME STATEMENT
<br>
ADDED BALANCE SHEET
<br>
COMPLETED SCH 1065 FORM
<br>]]>
  </system-out>
</testsuite> <!-- testcases.AddaNewReturn -->
